2024-11-01 15:24:39,426 [print_results, line 69] INFO: | Subject                          |   Data Num |   Acc |
|----------------------------------+------------+-------|
| Overall-Construction Engineering |          0 |     0 |
| Overall                          |          0 |     0 |
2024-11-01 18:17:53,345 [print_results, line 65] INFO: | Subject                          |   Data Num |   Acc |
|----------------------------------+------------+-------|
| Overall-Construction Engineering |          0 |     0 |
| Overall                          |          0 |     0 |
2024-11-01 18:58:53,371 [print_results, line 65] INFO: | Subject                          |   Data Num |   Acc |
|----------------------------------+------------+-------|
| Overall-Construction Engineering |          0 |     0 |
| Overall                          |          0 |     0 |
2024-11-02 02:02:53,454 [print_results, line 65] INFO: | Subject                          |   Data Num |   Acc |
|----------------------------------+------------+-------|
| Overall-Construction Engineering |         10 |   0.9 |
| Testen                           |         10 |   0.9 |
| Overall                          |         10 |   0.9 |
2024-11-02 02:19:50,805 [print_results, line 65] INFO: | Subject                          |   Data Num |   Acc |
|----------------------------------+------------+-------|
| Overall-Construction Engineering |         10 |   0.9 |
| Testen                           |         10 |   0.9 |
| Overall                          |         10 |   0.9 |
2024-11-02 02:25:50,015 [print_results, line 65] INFO: | Subject                          |   Data Num |   Acc |
|----------------------------------+------------+-------|
| Overall-Construction Engineering |         10 |   0.7 |
| Testen                           |         10 |   0.7 |
| Overall                          |         10 |   0.7 |
2024-11-02 02:32:02,516 [print_results, line 86] INFO: | Subject                          |   Data Num |   Acc |   Std Dev |   Variance |
|----------------------------------+------------+-------+-----------+------------|
| Overall-Construction Engineering |         10 |   0.7 |           |            |
| Overall-Construction Engineering |         10 |   0.7 |     0.483 |      0.233 |
| Testen                           |         10 |   0.7 |     0.483 |      0.233 |
| Overall                          |         10 |   0.7 |     0.483 |      0.233 |
2024-11-02 02:50:52,695 [print_results, line 86] INFO: | Subject                          |   Data Num |   Acc |   Std |   Var |
|----------------------------------+------------+-------+-------+-------|
| Overall-Construction Engineering |         10 |   0.7 |       |       |
| Overall-Construction Engineering |         10 |   0.7 | 0.483 | 0.233 |
| Testen                           |         10 |   0.7 | 0.483 | 0.233 |
| Overall                          |         10 |   0.7 | 0.483 | 0.233 |
2024-11-02 03:07:15,796 [print_results, line 86] INFO: | Subject                          |   Data Num |   Acc |   Std |   Var |
|----------------------------------+------------+-------+-------+-------|
| Overall-Construction Engineering |          0 |     0 |       |       |
| Overall-Construction Engineering |          0 |     0 |     0 |     0 |
| Overall                          |          0 |     0 |     0 |     0 |
2024-11-02 03:07:19,957 [print_results, line 86] INFO: | Subject                          |   Data Num |   Acc |   Std |   Var |
|----------------------------------+------------+-------+-------+-------|
| Overall-Construction Engineering |          0 |     0 |       |       |
| Overall-Construction Engineering |          0 |     0 |     0 |     0 |
| Overall                          |          0 |     0 |     0 |     0 |
2024-11-02 03:07:35,221 [print_results, line 86] INFO: | Subject                          |   Data Num |   Acc |   Std |   Var |
|----------------------------------+------------+-------+-------+-------|
| Overall-Construction Engineering |          0 |     0 |       |       |
| Overall-Construction Engineering |          0 |     0 |     0 |     0 |
| Overall                          |          0 |     0 |     0 |     0 |
2024-11-02 03:08:43,845 [print_results, line 86] INFO: | Subject                          |   Data Num |   Acc |   Std |   Var |
|----------------------------------+------------+-------+-------+-------|
| Overall-Construction Engineering |          0 |     0 |       |       |
| Overall-Construction Engineering |          0 |     0 |     0 |     0 |
| Overall                          |          0 |     0 |     0 |     0 |
2024-11-02 03:09:02,356 [print_results, line 87] INFO: | Subject                          |   Data Num |   Acc |   Std |   Var |
|----------------------------------+------------+-------+-------+-------|
| Overall-Construction Engineering |          0 |     0 |       |       |
| Overall-Construction Engineering |          0 |     0 |     0 |     0 |
| Overall                          |          0 |     0 |     0 |     0 |
2024-11-02 03:10:37,845 [print_results, line 86] INFO: | Subject                          |   Data Num |   Acc |   Std |   Var |
|----------------------------------+------------+-------+-------+-------|
| Overall-Construction Engineering |         10 |   0.8 |       |       |
| Overall-Construction Engineering |         10 |   0.8 | 0.422 | 0.178 |
| Testen                           |         10 |   0.8 | 0.422 | 0.178 |
| Overall                          |         10 |   0.8 | 0.422 | 0.178 |
2024-11-02 03:17:35,460 [print_results, line 86] INFO: | Subject                          |   Data Num |   Acc |   Std |   Var |
|----------------------------------+------------+-------+-------+-------|
| Overall-Construction Engineering |         10 |   0.8 |       |       |
| Testen                           |         10 |   0.8 | 0.422 | 0.178 |
| Overall                          |         10 |   0.8 | 0.422 | 0.178 |
2024-11-02 03:17:56,729 [print_results, line 86] INFO: | Subject                          |   Data Num |   Acc |   Std |   Var |
|----------------------------------+------------+-------+-------+-------|
| Overall-Construction Engineering |         10 |   0.8 |       |       |
| Overall-Construction Engineering |         10 |   0.8 | 0.422 | 0.178 |
| Testen                           |         10 |   0.8 | 0.422 | 0.178 |
2024-11-02 03:19:03,108 [print_results, line 86] INFO: | Subject                          |   Data Num |   Acc |   Std |   Var |
|----------------------------------+------------+-------+-------+-------|
| Overall-Construction Engineering |         10 |   0.8 |       |       |
| Testen                           |         10 |   0.8 | 0.422 | 0.178 |
| Overall                          |         10 |   0.8 | 0.422 | 0.178 |
2024-11-02 03:19:56,480 [print_results, line 86] INFO: | Subject                          |   Data Num |   Acc |   Std |   Var |
|----------------------------------+------------+-------+-------+-------|
| Overall-Construction Engineering |         10 |   0.8 | 0.422 | 0.178 |
| Testen                           |         10 |   0.8 | 0.422 | 0.178 |
| Overall                          |         10 |   0.8 | 0.422 | 0.178 |
2024-11-02 03:22:19,131 [print_results, line 86] INFO: | Subject (test)                   |   Data Num |   Acc |   Std |   Var |
|----------------------------------+------------+-------+-------+-------|
| Overall-Construction Engineering |         10 |   0.8 | 0.422 | 0.178 |
| Testen                           |         10 |   0.8 | 0.422 | 0.178 |
| Overall                          |         10 |   0.8 | 0.422 | 0.178 |
