2024-11-02 00:58:20,984 [utils.model, line 110] DEBUG: [lm 정배] 19세기 중엽 철근콘크리트의 실용적인 사용법을 개발한 사람은?
(A) 모니에(Monier)
(B) 케오프스(Cheops)
(C) 애습딘(Aspdin)
(D) 안토니오(Antonio)

주어진 선택지에서 해당 문자로 대답하세요.
2024-11-02 00:58:21,534 [utils.model, line 110] DEBUG: [lm 정배] 조직 구성원의 태도는 조직성과와 밀접한 관계가 있는데 태도(attitude)의 3가지 구성요소에 포함되지 않는 것은?
(A) 인지적 요소
(B) 정서적 요소
(C) 성격적 요소
(D) 행동경향 요소

주어진 선택지에서 해당 문자로 대답하세요.
2024-11-02 00:58:22,163 [utils.model, line 110] DEBUG: [lm 정배] 제한속도의 지정을 받지 않은 차량계 건설기계의 최대제한속도 기준은?
(A) 5km/hr 이하
(B) 10km/hr 이하
(C) 15km/hr 이하
(D) 20km/hr 이하

해설이 아직 작성되지 않았습니다.해설을 알고 계시다면 오른쪽 해설추가 기능을 이용하여 해설을 작성하여 다른분들과 함께 해설을 나누었으면 합니다.로그인 후 오류 신고 및 해설 작성 하시면 포인트가 제공됩니다.[포인트 모으기 및 사용법]

주어진 선택지에서 해당 문자로 대답하세요.
2024-11-02 00:58:30,397 [utils.model, line 110] DEBUG: [lm 정배] 어떤 작업을 하는데 있어서 소모하는 열량이 1시간에 420kcal 이다. 이 작업의 시간당 휴식시간은 약 얼마인가?(단, 작업시 평균 에너지는 5kcal/min, 휴식시 에너지는 1.5kcal/min 이다.)
(A) 16분
(B) 18분
(C) 22분
(D) 24분

주어진 선택지에서 해당 문자로 대답하세요.
2024-11-02 00:58:34,288 [utils.model, line 110] DEBUG: [lm 정배] 급탕장치내의 전수량 3,000 L인 5℃의 물을 60℃까지 가열할 때 물의 팽창량(L)은? (단, 5℃ 물의 비중량은 0.999kg/L, 60℃ 물의 비중량은 0.983kg/L 임.)
(A) 13
(B) 26
(C) 49
(D) 74

해설이 아직 작성되지 않았습니다.해설을 알고 계시다면 오른쪽 해설추가 기능을 이용하여 해설을 작성하여 다른분들과 함께 해설을 나누었으면 합니다.로그인 후 오류 신고 및 해설 작성 하시면 포인트가 제공됩니다.[포인트 모으기 및 사용법]

주어진 선택지에서 해당 문자로 대답하세요.
2024-11-02 00:58:34,854 [utils.model, line 110] DEBUG: [lm 정배] 스프링클러설비를 설치하여야 하는 특정소방 대상물의 최대 방수구역에 설치된 개방형스프링 클러헤드의 개수가 30개 일 경우, 스프링클러 설비의 수원의 저수량은 최소 얼마 이상으로 하여야 하는가?
(A) 16m3
(B) 32m3
(C) 48m3
(D) 56m3

주어진 선택지에서 해당 문자로 대답하세요.
2024-11-02 00:58:37,610 [utils.model, line 107] DEBUG: [vlm 정배] 조적조 벽체 그리기를 할 때 순서로 옳은 것은?
(A) (ㄱ)-(ㄴ)-(ㄷ)-(ㄹ)
(B) (ㄷ)-(ㄱ)-(ㄴ)-(ㄹ)
(C) (ㄱ)-(ㄷ)-(ㄴ)-(ㄹ)
(D) (ㄴ)-(ㄱ)-(ㄷ)-(ㄹ)

해설이 아직 작성되지 않았습니다.해설을 알고 계시다면 오른쪽 해설추가 기능을 이용하여 해설을 작성하여 다른분들과 함께 해설을 나누었으면 합니다.로그인 후 오류 신고 및 해설 작성 하시면 포인트가 제공됩니다.[포인트 모으기 및 사용법]

주어진 선택지에서 해당 문자로 대답하세요.
2024-11-02 00:58:39,027 [utils.model, line 110] DEBUG: [lm 정배] 동과 주석의 합금으로 내식성이 강하고 주물로 만들기 용이한 것으로 건구철물이나 장식철물에 이용되는 것은?
(A) 황동
(B) 적동
(C) 청동
(D) 스테인레스

해설이 아직 작성되지 않았습니다.해설을 알고 계시다면 오른쪽 해설추가 기능을 이용하여 해설을 작성하여 다른분들과 함께 해설을 나누었으면 합니다.로그인 후 오류 신고 및 해설 작성 하시면 포인트가 제공됩니다.[포인트 모으기 및 사용법]

주어진 선택지에서 해당 문자로 대답하세요.
2024-11-02 00:58:40,510 [utils.model, line 110] DEBUG: [lm 정배] 굴착과 싣기를 동시에 할 수 있는 토공기계가 아닌 것은?
(A) power shovel
(B) tractor shonel
(C) back hoe
(D) motor grader

해설이 아직 작성되지 않았습니다.해설을 알고 계시다면 오른쪽 해설추가 기능을 이용하여 해설을 작성하여 다른분들과 함께 해설을 나누었으면 합니다.로그인 후 오류 신고 및 해설 작성 하시면 포인트가 제공됩니다.[포인트 모으기 및 사용법]

주어진 선택지에서 해당 문자로 대답하세요.
2024-11-02 00:58:42,079 [utils.model, line 110] DEBUG: [lm 정배] 철골기둥, 빔 및 트러스 등의 철골구조물을 일체화 또는 지상에서 조립하는 이유 중 가장 적합한 것은 ?
(A) 고소작업의 감소
(B) 화기사용의 감소
(C) 중량물의 감소
(D) 운반물량의 감소

해설이 아직 작성되지 않았습니다.해설을 알고 계시다면 오른쪽 해설추가 기능을 이용하여 해설을 작성하여 다른분들과 함께 해설을 나누었으면 합니다.로그인 후 오류 신고 및 해설 작성 하시면 포인트가 제공됩니다.[포인트 모으기 및 사용법]

주어진 선택지에서 해당 문자로 대답하세요.
2024-11-02 01:05:21,811 [utils.model, line 110] DEBUG: [lm 정배] 19세기 중엽 철근콘크리트의 실용적인 사용법을 개발한 사람은?
(A) 모니에(Monier)
(B) 케오프스(Cheops)
(C) 애습딘(Aspdin)
(D) 안토니오(Antonio)

주어진 선택지에서 해당 문자로 대답하세요.
2024-11-02 01:05:22,414 [utils.model, line 110] DEBUG: [lm 정배] 조직 구성원의 태도는 조직성과와 밀접한 관계가 있는데 태도(attitude)의 3가지 구성요소에 포함되지 않는 것은?
(A) 인지적 요소
(B) 정서적 요소
(C) 성격적 요소
(D) 행동경향 요소

주어진 선택지에서 해당 문자로 대답하세요.
2024-11-02 01:05:23,042 [utils.model, line 110] DEBUG: [lm 정배] 제한속도의 지정을 받지 않은 차량계 건설기계의 최대제한속도 기준은?
(A) 5km/hr 이하
(B) 10km/hr 이하
(C) 15km/hr 이하
(D) 20km/hr 이하

해설이 아직 작성되지 않았습니다.해설을 알고 계시다면 오른쪽 해설추가 기능을 이용하여 해설을 작성하여 다른분들과 함께 해설을 나누었으면 합니다.로그인 후 오류 신고 및 해설 작성 하시면 포인트가 제공됩니다.[포인트 모으기 및 사용법]

주어진 선택지에서 해당 문자로 대답하세요.
2024-11-02 01:05:40,133 [utils.model, line 110] DEBUG: [lm 정배] 어떤 작업을 하는데 있어서 소모하는 열량이 1시간에 420kcal 이다. 이 작업의 시간당 휴식시간은 약 얼마인가?(단, 작업시 평균 에너지는 5kcal/min, 휴식시 에너지는 1.5kcal/min 이다.)
(A) 16분
(B) 18분
(C) 22분
(D) 24분

주어진 선택지에서 해당 문자로 대답하세요.
2024-11-02 01:05:43,364 [utils.model, line 110] DEBUG: [lm 정배] 급탕장치내의 전수량 3,000 L인 5℃의 물을 60℃까지 가열할 때 물의 팽창량(L)은? (단, 5℃ 물의 비중량은 0.999kg/L, 60℃ 물의 비중량은 0.983kg/L 임.)
(A) 13
(B) 26
(C) 49
(D) 74

해설이 아직 작성되지 않았습니다.해설을 알고 계시다면 오른쪽 해설추가 기능을 이용하여 해설을 작성하여 다른분들과 함께 해설을 나누었으면 합니다.로그인 후 오류 신고 및 해설 작성 하시면 포인트가 제공됩니다.[포인트 모으기 및 사용법]

주어진 선택지에서 해당 문자로 대답하세요.
2024-11-02 01:05:44,000 [utils.model, line 110] DEBUG: [lm 정배] 스프링클러설비를 설치하여야 하는 특정소방 대상물의 최대 방수구역에 설치된 개방형스프링 클러헤드의 개수가 30개 일 경우, 스프링클러 설비의 수원의 저수량은 최소 얼마 이상으로 하여야 하는가?
(A) 16m3
(B) 32m3
(C) 48m3
(D) 56m3

주어진 선택지에서 해당 문자로 대답하세요.
2024-11-02 01:05:51,617 [utils.model, line 107] DEBUG: [vlm 정배] 조적조 벽체 그리기를 할 때 순서로 옳은 것은?
(A) (ㄱ)-(ㄴ)-(ㄷ)-(ㄹ)
(B) (ㄷ)-(ㄱ)-(ㄴ)-(ㄹ)
(C) (ㄱ)-(ㄷ)-(ㄴ)-(ㄹ)
(D) (ㄴ)-(ㄱ)-(ㄷ)-(ㄹ)

해설이 아직 작성되지 않았습니다.해설을 알고 계시다면 오른쪽 해설추가 기능을 이용하여 해설을 작성하여 다른분들과 함께 해설을 나누었으면 합니다.로그인 후 오류 신고 및 해설 작성 하시면 포인트가 제공됩니다.[포인트 모으기 및 사용법]

주어진 선택지에서 해당 문자로 대답하세요.
2024-11-02 01:05:52,625 [utils.model, line 110] DEBUG: [lm 정배] 동과 주석의 합금으로 내식성이 강하고 주물로 만들기 용이한 것으로 건구철물이나 장식철물에 이용되는 것은?
(A) 황동
(B) 적동
(C) 청동
(D) 스테인레스

해설이 아직 작성되지 않았습니다.해설을 알고 계시다면 오른쪽 해설추가 기능을 이용하여 해설을 작성하여 다른분들과 함께 해설을 나누었으면 합니다.로그인 후 오류 신고 및 해설 작성 하시면 포인트가 제공됩니다.[포인트 모으기 및 사용법]

주어진 선택지에서 해당 문자로 대답하세요.
2024-11-02 01:05:53,137 [utils.model, line 110] DEBUG: [lm 정배] 굴착과 싣기를 동시에 할 수 있는 토공기계가 아닌 것은?
(A) power shovel
(B) tractor shonel
(C) back hoe
(D) motor grader

해설이 아직 작성되지 않았습니다.해설을 알고 계시다면 오른쪽 해설추가 기능을 이용하여 해설을 작성하여 다른분들과 함께 해설을 나누었으면 합니다.로그인 후 오류 신고 및 해설 작성 하시면 포인트가 제공됩니다.[포인트 모으기 및 사용법]

주어진 선택지에서 해당 문자로 대답하세요.
2024-11-02 01:05:55,235 [utils.model, line 110] DEBUG: [lm 정배] 철골기둥, 빔 및 트러스 등의 철골구조물을 일체화 또는 지상에서 조립하는 이유 중 가장 적합한 것은 ?
(A) 고소작업의 감소
(B) 화기사용의 감소
(C) 중량물의 감소
(D) 운반물량의 감소

해설이 아직 작성되지 않았습니다.해설을 알고 계시다면 오른쪽 해설추가 기능을 이용하여 해설을 작성하여 다른분들과 함께 해설을 나누었으면 합니다.로그인 후 오류 신고 및 해설 작성 하시면 포인트가 제공됩니다.[포인트 모으기 및 사용법]

주어진 선택지에서 해당 문자로 대답하세요.
2024-11-02 01:48:39,971 [utils.model, line 110] DEBUG: [lm 정배] 19세기 중엽 철근콘크리트의 실용적인 사용법을 개발한 사람은?
(A) 모니에(Monier)
(B) 케오프스(Cheops)
(C) 애습딘(Aspdin)
(D) 안토니오(Antonio)

주어진 선택지에서 해당 문자로 대답하세요.
2024-11-02 01:48:40,567 [utils.model, line 110] DEBUG: [lm 정배] 조직 구성원의 태도는 조직성과와 밀접한 관계가 있는데 태도(attitude)의 3가지 구성요소에 포함되지 않는 것은?
(A) 인지적 요소
(B) 정서적 요소
(C) 성격적 요소
(D) 행동경향 요소

주어진 선택지에서 해당 문자로 대답하세요.
2024-11-02 01:48:41,180 [utils.model, line 110] DEBUG: [lm 정배] 제한속도의 지정을 받지 않은 차량계 건설기계의 최대제한속도 기준은?
(A) 5km/hr 이하
(B) 10km/hr 이하
(C) 15km/hr 이하
(D) 20km/hr 이하

해설이 아직 작성되지 않았습니다.해설을 알고 계시다면 오른쪽 해설추가 기능을 이용하여 해설을 작성하여 다른분들과 함께 해설을 나누었으면 합니다.로그인 후 오류 신고 및 해설 작성 하시면 포인트가 제공됩니다.[포인트 모으기 및 사용법]

주어진 선택지에서 해당 문자로 대답하세요.
2024-11-02 01:48:47,091 [utils.model, line 110] DEBUG: [lm 정배] 어떤 작업을 하는데 있어서 소모하는 열량이 1시간에 420kcal 이다. 이 작업의 시간당 휴식시간은 약 얼마인가?(단, 작업시 평균 에너지는 5kcal/min, 휴식시 에너지는 1.5kcal/min 이다.)
(A) 16분
(B) 18분
(C) 22분
(D) 24분

주어진 선택지에서 해당 문자로 대답하세요.
2024-11-02 01:48:51,467 [utils.model, line 110] DEBUG: [lm 정배] 급탕장치내의 전수량 3,000 L인 5℃의 물을 60℃까지 가열할 때 물의 팽창량(L)은? (단, 5℃ 물의 비중량은 0.999kg/L, 60℃ 물의 비중량은 0.983kg/L 임.)
(A) 13
(B) 26
(C) 49
(D) 74

해설이 아직 작성되지 않았습니다.해설을 알고 계시다면 오른쪽 해설추가 기능을 이용하여 해설을 작성하여 다른분들과 함께 해설을 나누었으면 합니다.로그인 후 오류 신고 및 해설 작성 하시면 포인트가 제공됩니다.[포인트 모으기 및 사용법]

주어진 선택지에서 해당 문자로 대답하세요.
2024-11-02 01:48:52,155 [utils.model, line 110] DEBUG: [lm 정배] 스프링클러설비를 설치하여야 하는 특정소방 대상물의 최대 방수구역에 설치된 개방형스프링 클러헤드의 개수가 30개 일 경우, 스프링클러 설비의 수원의 저수량은 최소 얼마 이상으로 하여야 하는가?
(A) 16m3
(B) 32m3
(C) 48m3
(D) 56m3

주어진 선택지에서 해당 문자로 대답하세요.
2024-11-02 01:48:53,619 [utils.model, line 107] DEBUG: [vlm 정배] 조적조 벽체 그리기를 할 때 순서로 옳은 것은?
(A) (ㄱ)-(ㄴ)-(ㄷ)-(ㄹ)
(B) (ㄷ)-(ㄱ)-(ㄴ)-(ㄹ)
(C) (ㄱ)-(ㄷ)-(ㄴ)-(ㄹ)
(D) (ㄴ)-(ㄱ)-(ㄷ)-(ㄹ)

해설이 아직 작성되지 않았습니다.해설을 알고 계시다면 오른쪽 해설추가 기능을 이용하여 해설을 작성하여 다른분들과 함께 해설을 나누었으면 합니다.로그인 후 오류 신고 및 해설 작성 하시면 포인트가 제공됩니다.[포인트 모으기 및 사용법]

주어진 선택지에서 해당 문자로 대답하세요.
2024-11-02 01:48:56,316 [utils.model, line 110] DEBUG: [lm 정배] 동과 주석의 합금으로 내식성이 강하고 주물로 만들기 용이한 것으로 건구철물이나 장식철물에 이용되는 것은?
(A) 황동
(B) 적동
(C) 청동
(D) 스테인레스

해설이 아직 작성되지 않았습니다.해설을 알고 계시다면 오른쪽 해설추가 기능을 이용하여 해설을 작성하여 다른분들과 함께 해설을 나누었으면 합니다.로그인 후 오류 신고 및 해설 작성 하시면 포인트가 제공됩니다.[포인트 모으기 및 사용법]

주어진 선택지에서 해당 문자로 대답하세요.
2024-11-02 01:48:57,752 [utils.model, line 110] DEBUG: [lm 정배] 굴착과 싣기를 동시에 할 수 있는 토공기계가 아닌 것은?
(A) power shovel
(B) tractor shonel
(C) back hoe
(D) motor grader

해설이 아직 작성되지 않았습니다.해설을 알고 계시다면 오른쪽 해설추가 기능을 이용하여 해설을 작성하여 다른분들과 함께 해설을 나누었으면 합니다.로그인 후 오류 신고 및 해설 작성 하시면 포인트가 제공됩니다.[포인트 모으기 및 사용법]

주어진 선택지에서 해당 문자로 대답하세요.
2024-11-02 01:48:59,309 [utils.model, line 110] DEBUG: [lm 정배] 철골기둥, 빔 및 트러스 등의 철골구조물을 일체화 또는 지상에서 조립하는 이유 중 가장 적합한 것은 ?
(A) 고소작업의 감소
(B) 화기사용의 감소
(C) 중량물의 감소
(D) 운반물량의 감소

해설이 아직 작성되지 않았습니다.해설을 알고 계시다면 오른쪽 해설추가 기능을 이용하여 해설을 작성하여 다른분들과 함께 해설을 나누었으면 합니다.로그인 후 오류 신고 및 해설 작성 하시면 포인트가 제공됩니다.[포인트 모으기 및 사용법]

주어진 선택지에서 해당 문자로 대답하세요.
2024-11-02 01:57:10,070 [utils.model, line 110] DEBUG: [lm 정배] 19세기 중엽 철근콘크리트의 실용적인 사용법을 개발한 사람은?
(A) 모니에(Monier)
(B) 케오프스(Cheops)
(C) 애습딘(Aspdin)
(D) 안토니오(Antonio)

주어진 선택지에서 해당 문자로 대답하세요.
2024-11-02 01:57:10,679 [utils.model, line 110] DEBUG: [lm 정배] 조직 구성원의 태도는 조직성과와 밀접한 관계가 있는데 태도(attitude)의 3가지 구성요소에 포함되지 않는 것은?
(A) 인지적 요소
(B) 정서적 요소
(C) 성격적 요소
(D) 행동경향 요소

주어진 선택지에서 해당 문자로 대답하세요.
2024-11-02 01:57:11,610 [utils.model, line 110] DEBUG: [lm 정배] 제한속도의 지정을 받지 않은 차량계 건설기계의 최대제한속도 기준은?
(A) 5km/hr 이하
(B) 10km/hr 이하
(C) 15km/hr 이하
(D) 20km/hr 이하

해설이 아직 작성되지 않았습니다.해설을 알고 계시다면 오른쪽 해설추가 기능을 이용하여 해설을 작성하여 다른분들과 함께 해설을 나누었으면 합니다.로그인 후 오류 신고 및 해설 작성 하시면 포인트가 제공됩니다.[포인트 모으기 및 사용법]

주어진 선택지에서 해당 문자로 대답하세요.
2024-11-02 01:57:12,173 [utils.model, line 110] DEBUG: [lm 정배] 어떤 작업을 하는데 있어서 소모하는 열량이 1시간에 420kcal 이다. 이 작업의 시간당 휴식시간은 약 얼마인가?(단, 작업시 평균 에너지는 5kcal/min, 휴식시 에너지는 1.5kcal/min 이다.)
(A) 16분
(B) 18분
(C) 22분
(D) 24분

주어진 선택지에서 해당 문자로 대답하세요.
2024-11-02 01:57:19,502 [utils.model, line 110] DEBUG: [lm 정배] 급탕장치내의 전수량 3,000 L인 5℃의 물을 60℃까지 가열할 때 물의 팽창량(L)은? (단, 5℃ 물의 비중량은 0.999kg/L, 60℃ 물의 비중량은 0.983kg/L 임.)
(A) 13
(B) 26
(C) 49
(D) 74

해설이 아직 작성되지 않았습니다.해설을 알고 계시다면 오른쪽 해설추가 기능을 이용하여 해설을 작성하여 다른분들과 함께 해설을 나누었으면 합니다.로그인 후 오류 신고 및 해설 작성 하시면 포인트가 제공됩니다.[포인트 모으기 및 사용법]

주어진 선택지에서 해당 문자로 대답하세요.
2024-11-02 01:57:20,144 [utils.model, line 110] DEBUG: [lm 정배] 스프링클러설비를 설치하여야 하는 특정소방 대상물의 최대 방수구역에 설치된 개방형스프링 클러헤드의 개수가 30개 일 경우, 스프링클러 설비의 수원의 저수량은 최소 얼마 이상으로 하여야 하는가?
(A) 16m3
(B) 32m3
(C) 48m3
(D) 56m3

주어진 선택지에서 해당 문자로 대답하세요.
2024-11-02 01:57:23,598 [utils.model, line 107] DEBUG: [vlm 정배] 조적조 벽체 그리기를 할 때 순서로 옳은 것은?
(A) (ㄱ)-(ㄴ)-(ㄷ)-(ㄹ)
(B) (ㄷ)-(ㄱ)-(ㄴ)-(ㄹ)
(C) (ㄱ)-(ㄷ)-(ㄴ)-(ㄹ)
(D) (ㄴ)-(ㄱ)-(ㄷ)-(ㄹ)

해설이 아직 작성되지 않았습니다.해설을 알고 계시다면 오른쪽 해설추가 기능을 이용하여 해설을 작성하여 다른분들과 함께 해설을 나누었으면 합니다.로그인 후 오류 신고 및 해설 작성 하시면 포인트가 제공됩니다.[포인트 모으기 및 사용법]

주어진 선택지에서 해당 문자로 대답하세요.
2024-11-02 01:57:26,265 [utils.model, line 110] DEBUG: [lm 정배] 동과 주석의 합금으로 내식성이 강하고 주물로 만들기 용이한 것으로 건구철물이나 장식철물에 이용되는 것은?
(A) 황동
(B) 적동
(C) 청동
(D) 스테인레스

해설이 아직 작성되지 않았습니다.해설을 알고 계시다면 오른쪽 해설추가 기능을 이용하여 해설을 작성하여 다른분들과 함께 해설을 나누었으면 합니다.로그인 후 오류 신고 및 해설 작성 하시면 포인트가 제공됩니다.[포인트 모으기 및 사용법]

주어진 선택지에서 해당 문자로 대답하세요.
2024-11-02 01:57:27,630 [utils.model, line 110] DEBUG: [lm 정배] 굴착과 싣기를 동시에 할 수 있는 토공기계가 아닌 것은?
(A) power shovel
(B) tractor shonel
(C) back hoe
(D) motor grader

해설이 아직 작성되지 않았습니다.해설을 알고 계시다면 오른쪽 해설추가 기능을 이용하여 해설을 작성하여 다른분들과 함께 해설을 나누었으면 합니다.로그인 후 오류 신고 및 해설 작성 하시면 포인트가 제공됩니다.[포인트 모으기 및 사용법]

주어진 선택지에서 해당 문자로 대답하세요.
2024-11-02 01:57:30,638 [utils.model, line 110] DEBUG: [lm 정배] 철골기둥, 빔 및 트러스 등의 철골구조물을 일체화 또는 지상에서 조립하는 이유 중 가장 적합한 것은 ?
(A) 고소작업의 감소
(B) 화기사용의 감소
(C) 중량물의 감소
(D) 운반물량의 감소

해설이 아직 작성되지 않았습니다.해설을 알고 계시다면 오른쪽 해설추가 기능을 이용하여 해설을 작성하여 다른분들과 함께 해설을 나누었으면 합니다.로그인 후 오류 신고 및 해설 작성 하시면 포인트가 제공됩니다.[포인트 모으기 및 사용법]

주어진 선택지에서 해당 문자로 대답하세요.
2024-11-02 02:20:12,269 [utils.model, line 110] DEBUG: [lm 정배] 19세기 중엽 철근콘크리트의 실용적인 사용법을 개발한 사람은?
(A) 모니에(Monier)
(B) 케오프스(Cheops)
(C) 애습딘(Aspdin)
(D) 안토니오(Antonio)

주어진 선택지에서 해당 문자로 대답하세요.
2024-11-02 02:20:12,919 [utils.model, line 110] DEBUG: [lm 정배] 조직 구성원의 태도는 조직성과와 밀접한 관계가 있는데 태도(attitude)의 3가지 구성요소에 포함되지 않는 것은?
(A) 인지적 요소
(B) 정서적 요소
(C) 성격적 요소
(D) 행동경향 요소

주어진 선택지에서 해당 문자로 대답하세요.
2024-11-02 02:20:13,535 [utils.model, line 110] DEBUG: [lm 정배] 제한속도의 지정을 받지 않은 차량계 건설기계의 최대제한속도 기준은?
(A) 5km/hr 이하
(B) 10km/hr 이하
(C) 15km/hr 이하
(D) 20km/hr 이하

해설이 아직 작성되지 않았습니다.해설을 알고 계시다면 오른쪽 해설추가 기능을 이용하여 해설을 작성하여 다른분들과 함께 해설을 나누었으면 합니다.로그인 후 오류 신고 및 해설 작성 하시면 포인트가 제공됩니다.[포인트 모으기 및 사용법]

주어진 선택지에서 해당 문자로 대답하세요.
2024-11-02 02:20:20,309 [utils.model, line 110] DEBUG: [lm 정배] 어떤 작업을 하는데 있어서 소모하는 열량이 1시간에 420kcal 이다. 이 작업의 시간당 휴식시간은 약 얼마인가?(단, 작업시 평균 에너지는 5kcal/min, 휴식시 에너지는 1.5kcal/min 이다.)
(A) 16분
(B) 18분
(C) 22분
(D) 24분

주어진 선택지에서 해당 문자로 대답하세요.
2024-11-02 02:20:24,175 [utils.model, line 110] DEBUG: [lm 정배] 급탕장치내의 전수량 3,000 L인 5℃의 물을 60℃까지 가열할 때 물의 팽창량(L)은? (단, 5℃ 물의 비중량은 0.999kg/L, 60℃ 물의 비중량은 0.983kg/L 임.)
(A) 13
(B) 26
(C) 49
(D) 74

해설이 아직 작성되지 않았습니다.해설을 알고 계시다면 오른쪽 해설추가 기능을 이용하여 해설을 작성하여 다른분들과 함께 해설을 나누었으면 합니다.로그인 후 오류 신고 및 해설 작성 하시면 포인트가 제공됩니다.[포인트 모으기 및 사용법]

주어진 선택지에서 해당 문자로 대답하세요.
2024-11-02 02:20:26,704 [utils.model, line 110] DEBUG: [lm 정배] 스프링클러설비를 설치하여야 하는 특정소방 대상물의 최대 방수구역에 설치된 개방형스프링 클러헤드의 개수가 30개 일 경우, 스프링클러 설비의 수원의 저수량은 최소 얼마 이상으로 하여야 하는가?
(A) 16m3
(B) 32m3
(C) 48m3
(D) 56m3

주어진 선택지에서 해당 문자로 대답하세요.
2024-11-02 02:20:31,065 [utils.model, line 107] DEBUG: [vlm 정배] 조적조 벽체 그리기를 할 때 순서로 옳은 것은?
(A) (ㄱ)-(ㄴ)-(ㄷ)-(ㄹ)
(B) (ㄷ)-(ㄱ)-(ㄴ)-(ㄹ)
(C) (ㄱ)-(ㄷ)-(ㄴ)-(ㄹ)
(D) (ㄴ)-(ㄱ)-(ㄷ)-(ㄹ)

해설이 아직 작성되지 않았습니다.해설을 알고 계시다면 오른쪽 해설추가 기능을 이용하여 해설을 작성하여 다른분들과 함께 해설을 나누었으면 합니다.로그인 후 오류 신고 및 해설 작성 하시면 포인트가 제공됩니다.[포인트 모으기 및 사용법]

주어진 선택지에서 해당 문자로 대답하세요.
2024-11-02 02:20:35,311 [utils.model, line 110] DEBUG: [lm 정배] 동과 주석의 합금으로 내식성이 강하고 주물로 만들기 용이한 것으로 건구철물이나 장식철물에 이용되는 것은?
(A) 황동
(B) 적동
(C) 청동
(D) 스테인레스

해설이 아직 작성되지 않았습니다.해설을 알고 계시다면 오른쪽 해설추가 기능을 이용하여 해설을 작성하여 다른분들과 함께 해설을 나누었으면 합니다.로그인 후 오류 신고 및 해설 작성 하시면 포인트가 제공됩니다.[포인트 모으기 및 사용법]

주어진 선택지에서 해당 문자로 대답하세요.
2024-11-02 02:20:36,752 [utils.model, line 110] DEBUG: [lm 정배] 굴착과 싣기를 동시에 할 수 있는 토공기계가 아닌 것은?
(A) power shovel
(B) tractor shonel
(C) back hoe
(D) motor grader

해설이 아직 작성되지 않았습니다.해설을 알고 계시다면 오른쪽 해설추가 기능을 이용하여 해설을 작성하여 다른분들과 함께 해설을 나누었으면 합니다.로그인 후 오류 신고 및 해설 작성 하시면 포인트가 제공됩니다.[포인트 모으기 및 사용법]

주어진 선택지에서 해당 문자로 대답하세요.
2024-11-02 02:20:39,794 [utils.model, line 110] DEBUG: [lm 정배] 철골기둥, 빔 및 트러스 등의 철골구조물을 일체화 또는 지상에서 조립하는 이유 중 가장 적합한 것은 ?
(A) 고소작업의 감소
(B) 화기사용의 감소
(C) 중량물의 감소
(D) 운반물량의 감소

해설이 아직 작성되지 않았습니다.해설을 알고 계시다면 오른쪽 해설추가 기능을 이용하여 해설을 작성하여 다른분들과 함께 해설을 나누었으면 합니다.로그인 후 오류 신고 및 해설 작성 하시면 포인트가 제공됩니다.[포인트 모으기 및 사용법]

주어진 선택지에서 해당 문자로 대답하세요.
2024-11-02 03:04:19,101 [utils.model, line 110] DEBUG: [lm 정배] 19세기 중엽 철근콘크리트의 실용적인 사용법을 개발한 사람은?
(A) 모니에(Monier)
(B) 케오프스(Cheops)
(C) 애습딘(Aspdin)
(D) 안토니오(Antonio)

주어진 선택지에서 해당 문자로 대답하세요.
2024-11-02 03:04:19,643 [utils.model, line 110] DEBUG: [lm 정배] 조직 구성원의 태도는 조직성과와 밀접한 관계가 있는데 태도(attitude)의 3가지 구성요소에 포함되지 않는 것은?
(A) 인지적 요소
(B) 정서적 요소
(C) 성격적 요소
(D) 행동경향 요소

주어진 선택지에서 해당 문자로 대답하세요.
2024-11-02 03:04:20,306 [utils.model, line 110] DEBUG: [lm 정배] 제한속도의 지정을 받지 않은 차량계 건설기계의 최대제한속도 기준은?
(A) 5km/hr 이하
(B) 10km/hr 이하
(C) 15km/hr 이하
(D) 20km/hr 이하

해설이 아직 작성되지 않았습니다.해설을 알고 계시다면 오른쪽 해설추가 기능을 이용하여 해설을 작성하여 다른분들과 함께 해설을 나누었으면 합니다.로그인 후 오류 신고 및 해설 작성 하시면 포인트가 제공됩니다.[포인트 모으기 및 사용법]

주어진 선택지에서 해당 문자로 대답하세요.
2024-11-02 03:04:28,397 [utils.model, line 110] DEBUG: [lm 정배] 어떤 작업을 하는데 있어서 소모하는 열량이 1시간에 420kcal 이다. 이 작업의 시간당 휴식시간은 약 얼마인가?(단, 작업시 평균 에너지는 5kcal/min, 휴식시 에너지는 1.5kcal/min 이다.)
(A) 16분
(B) 18분
(C) 22분
(D) 24분

주어진 선택지에서 해당 문자로 대답하세요.
2024-11-02 03:04:32,351 [utils.model, line 110] DEBUG: [lm 정배] 급탕장치내의 전수량 3,000 L인 5℃의 물을 60℃까지 가열할 때 물의 팽창량(L)은? (단, 5℃ 물의 비중량은 0.999kg/L, 60℃ 물의 비중량은 0.983kg/L 임.)
(A) 13
(B) 26
(C) 49
(D) 74

해설이 아직 작성되지 않았습니다.해설을 알고 계시다면 오른쪽 해설추가 기능을 이용하여 해설을 작성하여 다른분들과 함께 해설을 나누었으면 합니다.로그인 후 오류 신고 및 해설 작성 하시면 포인트가 제공됩니다.[포인트 모으기 및 사용법]

주어진 선택지에서 해당 문자로 대답하세요.
2024-11-02 03:04:32,947 [utils.model, line 110] DEBUG: [lm 정배] 스프링클러설비를 설치하여야 하는 특정소방 대상물의 최대 방수구역에 설치된 개방형스프링 클러헤드의 개수가 30개 일 경우, 스프링클러 설비의 수원의 저수량은 최소 얼마 이상으로 하여야 하는가?
(A) 16m3
(B) 32m3
(C) 48m3
(D) 56m3

주어진 선택지에서 해당 문자로 대답하세요.
2024-11-02 03:04:37,648 [utils.model, line 107] DEBUG: [vlm 정배] 조적조 벽체 그리기를 할 때 순서로 옳은 것은?
(A) (ㄱ)-(ㄴ)-(ㄷ)-(ㄹ)
(B) (ㄷ)-(ㄱ)-(ㄴ)-(ㄹ)
(C) (ㄱ)-(ㄷ)-(ㄴ)-(ㄹ)
(D) (ㄴ)-(ㄱ)-(ㄷ)-(ㄹ)

해설이 아직 작성되지 않았습니다.해설을 알고 계시다면 오른쪽 해설추가 기능을 이용하여 해설을 작성하여 다른분들과 함께 해설을 나누었으면 합니다.로그인 후 오류 신고 및 해설 작성 하시면 포인트가 제공됩니다.[포인트 모으기 및 사용법]

주어진 선택지에서 해당 문자로 대답하세요.
2024-11-02 03:04:41,593 [utils.model, line 110] DEBUG: [lm 정배] 동과 주석의 합금으로 내식성이 강하고 주물로 만들기 용이한 것으로 건구철물이나 장식철물에 이용되는 것은?
(A) 황동
(B) 적동
(C) 청동
(D) 스테인레스

해설이 아직 작성되지 않았습니다.해설을 알고 계시다면 오른쪽 해설추가 기능을 이용하여 해설을 작성하여 다른분들과 함께 해설을 나누었으면 합니다.로그인 후 오류 신고 및 해설 작성 하시면 포인트가 제공됩니다.[포인트 모으기 및 사용법]

주어진 선택지에서 해당 문자로 대답하세요.
2024-11-02 03:04:43,707 [utils.model, line 110] DEBUG: [lm 정배] 굴착과 싣기를 동시에 할 수 있는 토공기계가 아닌 것은?
(A) power shovel
(B) tractor shonel
(C) back hoe
(D) motor grader

해설이 아직 작성되지 않았습니다.해설을 알고 계시다면 오른쪽 해설추가 기능을 이용하여 해설을 작성하여 다른분들과 함께 해설을 나누었으면 합니다.로그인 후 오류 신고 및 해설 작성 하시면 포인트가 제공됩니다.[포인트 모으기 및 사용법]

주어진 선택지에서 해당 문자로 대답하세요.
2024-11-02 03:04:44,355 [utils.model, line 110] DEBUG: [lm 정배] 철골기둥, 빔 및 트러스 등의 철골구조물을 일체화 또는 지상에서 조립하는 이유 중 가장 적합한 것은 ?
(A) 고소작업의 감소
(B) 화기사용의 감소
(C) 중량물의 감소
(D) 운반물량의 감소

해설이 아직 작성되지 않았습니다.해설을 알고 계시다면 오른쪽 해설추가 기능을 이용하여 해설을 작성하여 다른분들과 함께 해설을 나누었으면 합니다.로그인 후 오류 신고 및 해설 작성 하시면 포인트가 제공됩니다.[포인트 모으기 및 사용법]

주어진 선택지에서 해당 문자로 대답하세요.
